[    0.000000] Linux version 4.15.0-212-generic (buildd@lcy02-amd64-083) (gcc version 7.5.0 (Ubuntu 7.5.0-3ubuntu1~18.04)) #223-Ubuntu SMP Tue May 23 13:09:22 UTC 2023 (Ubuntu 4.15.0-212.223-generic 4.15.18)
[    0.000000] Command line: BOOT_IMAGE=/boot/vmlinuz-4.15.0-212-generic root=LABEL=cloudimg-rootfs ro console=tty1 console=ttyS0
[    0.000000] KERNEL supported cpus:
[    0.000000]   Intel GenuineIntel
[    0.000000]   AMD AuthenticAMD
[    0.000000]   Centaur CentaurHauls
[    0.000000] x86/fpu: Supporting XSAVE feature 0x001: 'x87 floating point registers'
[    0.000000] x86/fpu: Supporting XSAVE feature 0x002: 'SSE registers'
[    0.000000] x86/fpu: Supporting XSAVE feature 0x004: 'AVX registers'
[    0.000000] x86/fpu: xstate_offset[2]:  576, xstate_sizes[2]:  256
[    0.000000] x86/fpu: Enabled xstate features 0x7, context size is 832 bytes, using 'standard' format.
[    0.000000] e820: BIOS-provided physical RAM map:
[    0.000000] BIOS-e820: [mem 0x0000000000000000-0x000000000009fbff] usable
[    0.000000] BIOS-e820: [mem 0x000000000009fc00-0x000000000009ffff] reserved
[    0.000000] BIOS-e820: [mem 0x00000000000f0000-0x00000000000fffff] reserved
[    0.000000] BIOS-e820: [mem 0x0000000000100000-0x00000000dffeffff] usable
[    0.000000] BIOS-e820: [mem 0x00000000dfff0000-0x00000000dfffffff] ACPI data
[    0.000000] BIOS-e820: [mem 0x00000000fec00000-0x00000000fec00fff] reserved
[    0.000000] BIOS-e820: [mem 0x00000000fee00000-0x00000000fee00fff] reserved
[    0.000000] BIOS-e820: [mem 0x00000000fffc0000-0x00000000ffffffff] reserved
[    0.000000] BIOS-e820: [mem 0x0000000100000000-0x000000011fffffff] usable
[    0.000000] NX (Execute Disable) protection: active
[    0.000000] SMBIOS 2.5 present.
[    0.000000] DMI: innotek GmbH VirtualBox/VirtualBox, BIOS VirtualBox 12/01/2006
[    0.000000] Hypervisor detected: KVM
[    0.000000] e820: last_pfn = 0x120000 max_arch_pfn = 0x400000000
[    0.000000] MTRR: Disabled
[    0.000000] x86/PAT: MTRRs disabled, skipping PAT initialization too.
[    0.000000] CPU MTRRs all blank - virtualized system.
[    0.000000] x86/PAT: Configuration [0-7]: WB  WT  UC- UC  WB  WT  UC- UC  
[    0.000000] e820: last_pfn = 0xdfff0 max_arch_pfn = 0x400000000
[    0.000000] found SMP MP-table at [mem 0x0009fff0-0x0009ffff]
[    0.000000] Scanning 1 areas for low memory corruption
[    0.000000] RAMDISK: [mem 0x3580b000-0x36bfcfff]
[    0.000000] ACPI: Early table checksum verification disabled
[    0.000000] ACPI: RSDP 0x00000000000E0000 000024 (v02 VBOX  )
[    0.000000] ACPI: XSDT 0x00000000DFFF0030 00003C (v01 VBOX   VBOXXSDT 00000001 ASL  00000061)
[    0.000000] ACPI: FACP 0x00000000DFFF00F0 0000F4 (v04 VBOX   VBOXFACP 00000001 ASL  00000061)
[    0.000000] ACPI: DSDT 0x00000000DFFF0610 002353 (v02 VBOX   VBOXBIOS 00000002 INTL 20200925)
[    0.000000] ACPI: FACS 0x00000000DFFF0200 000040
[    0.000000] ACPI: FACS 0x00000000DFFF0200 000040
[    0.000000] ACPI: APIC 0x00000000DFFF0240 00005C (v02 VBOX   VBOXAPIC 00000001 ASL  00000061)
[    0.000000] ACPI: SSDT 0x00000000DFFF02A0 00036C (v01 VBOX   VBOXCPUT 00000002 INTL 20200925)
[    0.000000] ACPI: Reserving FACP table memory at [mem 0xdfff00f0-0xdfff01e3]
[    0.000000] ACPI: Reserving DSDT table memory at [mem 0xdfff0610-0xdfff2962]
[    0.000000] ACPI: Reserving FACS table memory at [mem 0xdfff0200-0xdfff023f]
[    0.000000] ACPI: Reserving FACS table memory at [mem 0xdfff0200-0xdfff023f]
[    0.000000] ACPI: Reserving APIC table memory at [mem 0xdfff0240-0xdfff029b]
[    0.000000] ACPI: Reserving SSDT table memory at [mem 0xdfff02a0-0xdfff060b]
[    0.000000] No NUMA configuration found
[    0.000000] Faking a node at [mem 0x0000000000000000-0x000000011fffffff]
[    0.000000] NODE_DATA(0) allocated [mem 0x11ffd1000-0x11fffbfff]
[    0.000000] kvm-clock: cpu 0, msr 1:1ff50001, primary cpu clock
[    0.000000] kvm-clock: Using msrs 4b564d01 and 4b564d00
[    0.000000] kvm-clock: using sched offset of 2914373415 cycles
[    0.000000] clocksource: kvm-clock: mask: 0xffffffffffffffff max_cycles: 0x1cd42e4dffb, max_idle_ns: 881590591483 ns
[    0.000000] Zone ranges:
[    0.000000]   DMA      [mem 0x0000000000001000-0x0000000000ffffff]
[    0.000000]   DMA32    [mem 0x0000000001000000-0x00000000ffffffff]
[    0.000000]   Normal   [mem 0x0000000100000000-0x000000011fffffff]
[    0.000000]   Device   empty
[    0.000000] Movable zone start for each node
[    0.000000] Early memory node ranges
[    0.000000]   node   0: [mem 0x0000000000001000-0x000000000009efff]
[    0.000000]   node   0: [mem 0x0000000000100000-0x00000000dffeffff]
[    0.000000]   node   0: [mem 0x0000000100000000-0x000000011fffffff]
[    0.000000] Reserved but unavailable: 104 pages
[    0.000000] Initmem setup node 0 [mem 0x0000000000001000-0x000000011fffffff]
[    0.000000] ACPI: PM-Timer IO Port: 0x4008
[    0.000000] IOAPIC[0]: apic_id 2, version 32, address 0xfec00000, GSI 0-23
[    0.000000] ACPI: INT_SRC_OVR (bus 0 bus_irq 0 global_irq 2 dfl dfl)
[    0.000000] ACPI: INT_SRC_OVR (bus 0 bus_irq 9 global_irq 9 low level)
[    0.000000] Using ACPI (MADT) for SMP configuration information
[    0.000000] smpboot: Allowing 2 CPUs, 0 hotplug CPUs
[    0.000000] PM: Registered nosave memory: [mem 0x00000000-0x00000fff]
[    0.000000] PM: Registered nosave memory: [mem 0x0009f000-0x0009ffff]
[    0.000000] PM: Registered nosave memory: [mem 0x000a0000-0x000effff]
[    0.000000] PM: Registered nosave memory: [mem 0x000f0000-0x000fffff]
[    0.000000] PM: Registered nosave memory: [mem 0xdfff0000-0xdfffffff]
[    0.000000] PM: Registered nosave memory: [mem 0xe0000000-0xfebfffff]
[    0.000000] PM: Registered nosave memory: [mem 0xfec00000-0xfec00fff]
[    0.000000] PM: Registered nosave memory: [mem 0xfec01000-0xfedfffff]
[    0.000000] PM: Registered nosave memory: [mem 0xfee00000-0xfee00fff]
[    0.000000] PM: Registered nosave memory: [mem 0xfee01000-0xfffbffff]
[    0.000000] PM: Registered nosave memory: [mem 0xfffc0000-0xffffffff]
[    0.000000] e820: [mem 0xe0000000-0xfebfffff] available for PCI devices
[    0.000000] Booting paravirtualized kernel on KVM
[    0.000000] clocksource: refined-jiffies: mask: 0xffffffff max_cycles: 0xffffffff, max_idle_ns: 7645519600211568 ns
[    0.000000] setup_percpu: NR_CPUS:8192 nr_cpumask_bits:2 nr_cpu_ids:2 nr_node_ids:1
[    0.000000] percpu: Embedded 50 pages/cpu s167936 r8192 d28672 u1048576
[    0.000000] PV qspinlock hash table entries: 256 (order: 0, 4096 bytes)
[    0.000000] Built 1 zonelists, mobility grouping on.  Total pages: 1032057
[    0.000000] Policy zone: Normal
[    0.000000] Kernel command line: BOOT_IMAGE=/boot/vmlinuz-4.15.0-212-generic root=LABEL=cloudimg-rootfs ro console=tty1 console=ttyS0
[    0.000000] Memory: 4012356K/4193848K available (12300K kernel code, 2477K rwdata, 4324K rodata, 2480K init, 2720K bss, 181492K reserved, 0K cma-reserved)
[    0.000000] SLUB: HWalign=64, Order=0-3, MinObjects=0, CPUs=2, Nodes=1
[    0.000000] Kernel/User page tables isolation: enabled
[    0.000000] ftrace: allocating 39508 entries in 155 pages
[    0.004000] Hierarchical RCU implementation.
[    0.004000] 	RCU restricting CPUs from NR_CPUS=8192 to nr_cpu_ids=2.
[    0.004000] 	Tasks RCU enabled.
[    0.004000] RCU: Adjusting geometry for rcu_fanout_leaf=16, nr_cpu_ids=2
[    0.004000] NR_IRQS: 524544, nr_irqs: 440, preallocated irqs: 16
[    0.004000] random: crng init done
[    0.004000] Console: colour VGA+ 80x25
[    0.004000] console [tty1] enabled
[    0.004000] console [ttyS0] enabled
[    0.004000] ACPI: Core revision 20170831
[    0.004000] ACPI: 2 ACPI AML tables successfully acquired and loaded
[    0.004000] APIC: Switch to symmetric I/O mode setup
[    0.004000] x2apic enabled
[    0.004000] Switched APIC routing to physical x2apic.
[    0.004000] ..TIMER: vector=0x30 apic1=0 pin1=2 apic2=-1 pin2=-1
[    0.004000] tsc: Detected 2111.998 MHz processor
[    0.004000] Calibrating delay loop (skipped) preset value.. 4223.99 BogoMIPS (lpj=8447992)
[    0.004004] pid_max: default: 32768 minimum: 301
[    0.004468] Security Framework initialized
[    0.004858] Yama: becoming mindful.
[    0.005205] AppArmor: AppArmor initialized
[    0.006215] Dentry cache hash table entries: 524288 (order: 10, 4194304 bytes)
[    0.007174] Inode-cache hash table entries: 262144 (order: 9, 2097152 bytes)
[    0.007813] Mount-cache hash table entries: 8192 (order: 4, 65536 bytes)
[    0.008005] Mountpoint-cache hash table entries: 8192 (order: 4, 65536 bytes)
[    0.008786] Last level iTLB entries: 4KB 0, 2MB 0, 4MB 0
[    0.009289] Last level dTLB entries: 4KB 0, 2MB 0, 4MB 0, 1GB 0
[    0.009808] Spectre V1 : Mitigation: usercopy/swapgs barriers and __user pointer sanitization
[    0.010558] Spectre V2 : Mitigation: Retpolines
[    0.010984] Spectre V2 : Spectre v2 / SpectreRSB mitigation: Filling RSB on context switch
[    0.012001] Spectre V2 : Spectre v2 / SpectreRSB : Filling RSB on VMEXIT
[    0.012584] Speculative Store Bypass: Vulnerable
[    0.013033] MDS: Mitigation: Clear CPU buffers
[    0.013576] Freeing SMP alternatives memory: 36K
[    0.124047] smpboot: CPU0: 12th Gen Intel(R) Core(TM) i7-12700 (family: 0x6, model: 0x97, stepping: 0x2)
[    0.125076] Performance Events: unsupported p6 CPU model 151 no PMU driver, software events only.
[    0.125906] Hierarchical SRCU implementation.
[    0.126523] NMI watchdog: Perf event create on CPU 0 failed with -2
[    0.127111] NMI watchdog: Perf NMI watchdog permanently disabled
[    0.127678] smp: Bringing up secondary CPUs ...
[    0.128340] x86: Booting SMP configuration:
[    0.128751] .... node  #0, CPUs:      #1
[    0.004000] kvm-clock: cpu 1, msr 1:1ff50041, secondary cpu clock
[    0.132032] smp: Brought up 1 node, 2 CPUs
[    0.132405] smpboot: Max logical packages: 1
[    0.132855] smpboot: Total of 2 processors activated (8447.99 BogoMIPS)
[    0.133608] devtmpfs: initialized
[    0.133608] x86/mm: Memory block size: 128MB
[    0.136156] evm: security.selinux
[    0.136493] evm: security.SMACK64
[    0.136816] evm: security.SMACK64EXEC
[    0.137162] evm: security.SMACK64TRANSMUTE
[    0.137554] evm: security.SMACK64MMAP
[    0.137901] evm: security.apparmor
[    0.138226] evm: security.ima
[    0.138518] evm: security.capability
[    0.138876] clocksource: jiffies: mask: 0xffffffff max_cycles: 0xffffffff, max_idle_ns: 7645041785100000 ns
[    0.140005] futex hash table entries: 512 (order: 3, 32768 bytes)
[    0.140587] pinctrl core: initialized pinctrl subsystem
[    0.141118] RTC time: 14:51:12, date: 10/30/24
[    0.141705] NET: Registered protocol family 16
[    0.142167] audit: initializing netlink subsys (disabled)
[    0.142658] audit: type=2000 audit(1730299876.935:1): state=initialized audit_enabled=0 res=1
[    0.144008] cpuidle: using governor ladder
[    0.144424] cpuidle: using governor menu
[    0.144821] ACPI: bus type PCI registered
[    0.145198] acpiphp: ACPI Hot Plug PCI Controller Driver version: 0.5
[    0.145806] PCI: Using configuration type 1 for base access
[    0.146318] HugeTLB registered 2.00 MiB page size, pre-allocated 0 pages
[    0.148035] ACPI: Added _OSI(Module Device)
[    0.148461] ACPI: Added _OSI(Processor Device)
[    0.148879] ACPI: Added _OSI(3.0 _SCP Extensions)
[    0.149420] ACPI: Added _OSI(Processor Aggregator Device)
[    0.149915] ACPI: Added _OSI(Linux-Dell-Video)
[    0.150331] ACPI: Added _OSI(Linux-Lenovo-NV-HDMI-Audio)
[    0.150816] ACPI: Added _OSI(Linux-HPI-Hybrid-Graphics)
[    0.152150] ACPI: Executed 1 blocks of module-level executable AML code
[    0.154337] ACPI: Interpreter enabled
[    0.154775] ACPI: (supports S0 S5)
[    0.155151] ACPI: Using IOAPIC for interrupt routing
[    0.155765] PCI: Using host bridge windows from ACPI; if necessary, use "pci=nocrs" and report a bug
[    0.156084] ACPI: Enabled 2 GPEs in block 00 to 07
[    0.160023] ACPI: PCI Root Bridge [PCI0] (domain 0000 [bus 00-ff])
[    0.161044] acpi PNP0A03:00: _OSC: OS supports [ASPM ClockPM Segments MSI]
[    0.161928] acpi PNP0A03:00: _OSC: not requesting OS control; OS requires [ExtendedConfig ASPM ClockPM MSI]
[    0.162830] acpi PNP0A03:00: fail to add MMCONFIG information, can't access extended PCI configuration space under this bridge.
[    0.164024] PCI host bridge to bus 0000:00
[    0.164445] pci_bus 0000:00: root bus resource [io  0x0000-0x0cf7 window]
[    0.165067] pci_bus 0000:00: root bus resource [io  0x0d00-0xffff window]
[    0.165715] pci_bus 0000:00: root bus resource [mem 0x000a0000-0x000bffff window]
[    0.166407] pci_bus 0000:00: root bus resource [mem 0xe0000000-0xfdffffff window]
[    0.167120] pci_bus 0000:00: root bus resource [bus 00-ff]
[    0.168538] pci 0000:00:01.1: legacy IDE quirk: reg 0x10: [io  0x01f0-0x01f7]
[    0.169209] pci 0000:00:01.1: legacy IDE quirk: reg 0x14: [io  0x03f6]
[    0.169794] pci 0000:00:01.1: legacy IDE quirk: reg 0x18: [io  0x0170-0x0177]
[    0.170424] pci 0000:00:01.1: legacy IDE quirk: reg 0x1c: [io  0x0376]
[    0.187793] pci 0000:00:07.0: quirk: [io  0x4000-0x403f] claimed by PIIX4 ACPI
[    0.188011] pci 0000:00:07.0: quirk: [io  0x4100-0x410f] claimed by PIIX4 SMB
[    0.197325] ACPI: PCI Interrupt Link [LNKA] (IRQs 5 9 10 *11)
[    0.198058] ACPI: PCI Interrupt Link [LNKB] (IRQs 5 9 *10 11)
[    0.198655] ACPI: PCI Interrupt Link [LNKC] (IRQs 5 *9 10 11)
[    0.200032] ACPI: PCI Interrupt Link [LNKD] (IRQs 5 9 10 *11)
[    0.200779] SCSI subsystem initialized
[    0.201225] pci 0000:00:02.0: vgaarb: setting as boot VGA device
[    0.201225] pci 0000:00:02.0: vgaarb: VGA device added: decodes=io+mem,owns=io+mem,locks=none
[    0.201333] pci 0000:00:02.0: vgaarb: bridge control possible
[    0.201867] vgaarb: loaded
[    0.204012] ACPI: bus type USB registered
[    0.204398] usbcore: registered new interface driver usbfs
[    0.205201] usbcore: registered new interface driver hub
[    0.205694] usbcore: registered new device driver usb
[    0.206185] EDAC MC: Ver: 3.0.0
[    0.206185] PCI: Using ACPI for IRQ routing
[    0.208076] NetLabel: Initializing
[    0.208426] NetLabel:  domain hash size = 128
[    0.208832] NetLabel:  protocols = UNLABELED CIPSOv4 CALIPSO
[    0.209379] NetLabel:  unlabeled traffic allowed by default
[    0.209916] clocksource: Switched to clocksource kvm-clock
[    0.214236] VFS: Disk quotas dquot_6.6.0
[    0.214714] VFS: Dquot-cache hash table entries: 512 (order 0, 4096 bytes)
[    0.215373] AppArmor: AppArmor Filesystem Enabled
[    0.215869] pnp: PnP ACPI init
[    0.216657] pnp: PnP ACPI: found 3 devices
[    0.223282] clocksource: acpi_pm: mask: 0xffffff max_cycles: 0xffffff, max_idle_ns: 2085701024 ns
[    0.224285] NET: Registered protocol family 2
[    0.224285] IP idents hash table entries: 65536 (order: 7, 524288 bytes)
[    0.225696] TCP established hash table entries: 32768 (order: 6, 262144 bytes)
[    0.226457] TCP bind hash table entries: 32768 (order: 7, 524288 bytes)
[    0.227342] TCP: Hash tables configured (established 32768 bind 32768)
[    0.228030] UDP hash table entries: 2048 (order: 4, 65536 bytes)
[    0.228589] UDP-Lite hash table entries: 2048 (order: 4, 65536 bytes)
[    0.229195] NET: Registered protocol family 1
[    0.229624] pci 0000:00:00.0: Limiting direct PCI/PCI transfers
[    0.230182] pci 0000:00:01.0: Activating ISA DMA hang workarounds
[    0.230768] pci 0000:00:02.0: Video device with shadowed ROM at [mem 0x000c0000-0x000dffff]
[    0.231609] Unpacking initramfs...
[    0.232021] Freeing initrd memory: 20424K
[    0.232021] PCI-DMA: Using software bounce buffering for IO (SWIOTLB)
[    0.232021] software IO TLB: mapped [mem 0xdbff0000-0xdfff0000] (64MB)
[    0.232021] clocksource: tsc: mask: 0xffffffffffffffff max_cycles: 0x1e71768ef8b, max_idle_ns: 440795218977 ns
[    0.232021] platform rtc_cmos: registered platform RTC device (no PNP device found)
[    0.232021] Scanning for low memory corruption every 60 seconds
[    0.430239] Initialise system trusted keyrings
[    0.430718] Key type blacklist registered
[    0.431123] workingset: timestamp_bits=36 max_order=20 bucket_order=0
[    0.432153] zbud: loaded
[    0.432810] squashfs: version 4.0 (2009/01/31) Phillip Lougher
[    0.433535] fuse init (API version 7.26)
[    0.435325] Key type asymmetric registered
[    0.435755] Asymmetric key parser 'x509' registered
[    0.436239] Block layer SCSI generic (bsg) driver version 0.4 loaded (major 246)
[    0.437027] io scheduler noop registered
[    0.437421] io scheduler deadline registered
[    0.437831] io scheduler cfq registered (default)
[    0.438425] ACPI: AC Adapter [AC] (on-line)
[    0.438880] input: Power Button as /devices/LNXSYSTM:00/LNXPWRBN:00/input/input0
[    0.439590] ACPI: Power Button [PWRF]
[    0.439997] input: Sleep Button as /devices/LNXSYSTM:00/LNXSLPBN:00/input/input1
[    0.440703] ACPI: Sleep Button [SLPF]
[    0.441219] Serial: 8250/16550 driver, 32 ports, IRQ sharing enabled
[    0.462202] 00:02: ttyS0 at I/O 0x3f8 (irq = 4, base_baud = 115200) is a 16550A
[    0.464347] Linux agpgart interface v0.103
[    0.465467] loop: module loaded
[    0.466108] scsi host0: ata_piix
[    0.466536] scsi host1: ata_piix
[    0.466874] ata1: PATA max UDMA/33 cmd 0x1f0 ctl 0x3f6 bmdma 0xd000 irq 14
[    0.467497] ata2: PATA max UDMA/33 cmd 0x170 ctl 0x376 bmdma 0xd008 irq 15
[    0.468165] tun: Universal TUN/TAP device driver, 1.6
[    0.468711] PPP generic driver version 2.4.2
[    0.469177] ehci_hcd: USB 2.0 'Enhanced' Host Controller (EHCI) Driver
[    0.469779] ehci-pci: EHCI PCI platform driver
[    0.470208] ehci-platform: EHCI generic platform driver
[    0.470700] ohci_hcd: USB 1.1 'Open' Host Controller (OHCI) Driver
[    0.471268] ohci-pci: OHCI PCI platform driver
[    0.471732] ohci-platform: OHCI generic platform driver
[    0.472302] uhci_hcd: USB Universal Host Controller Interface driver
[    0.472906] i8042: PNP: PS/2 Controller [PNP0303:PS2K,PNP0f03:PS2M] at 0x60,0x64 irq 1,12
[    0.474017] serio: i8042 KBD port at 0x60,0x64 irq 1
[    0.474523] serio: i8042 AUX port at 0x60,0x64 irq 12
[    0.475100] mousedev: PS/2 mouse device common for all mice
[    0.475905] input: AT Translated Set 2 keyboard as /devices/platform/i8042/serio0/input/input2
[    0.476751] rtc_cmos rtc_cmos: rtc core: registered rtc_cmos as rtc0
[    0.477481] rtc_cmos rtc_cmos: alarms up to one day, 114 bytes nvram
[    0.478131] i2c /dev entries driver
[    0.478504] device-mapper: uevent: version 1.0.3
[    0.479027] device-mapper: ioctl: 4.37.0-ioctl (2017-09-20) initialised: dm-devel@redhat.com
[    0.479869] ledtrig-cpu: registered to indicate activity on CPUs
[    0.480898] NET: Registered protocol family 10
[    0.483487] Segment Routing with IPv6
[    0.483999] NET: Registered protocol family 17
[    0.484529] Key type dns_resolver registered
[    0.485148] mce: Using 0 MCE banks
[    0.485526] RAS: Correctable Errors collector initialized.
[    0.486055] sched_clock: Marking stable (485132634, 0)->(618012845, -132880211)
[    0.486944] registered taskstats version 1
[    0.487380] Loading compiled-in X.509 certificates
[    0.489489] Loaded X.509 cert 'Build time autogenerated kernel key: b5b26778eaa3ab3a4a6cee031137706e947d12ad'
[    0.490705] Loaded X.509 cert 'Canonical Ltd. Live Patch Signing: 14df34d1a87cf37625abec039ef2bf521249b969'
[    0.491887] Loaded X.509 cert 'Canonical Ltd. Kernel Module Signing: 88f752e560a1e0737e31163a466ad7b70a850c19'
[    0.492914] blacklist: Loading compiled-in revocation X.509 certificates
[    0.493537] Loaded X.509 cert 'Canonical Ltd. Secure Boot Signing: 61482aa2830d0ab2ad5af10b7250da9033ddcef0'
[    0.494485] Loaded X.509 cert 'Canonical Ltd. Secure Boot Signing (2017): 242ade75ac4a15e50d50c84b0d45ff3eae707a03'
[    0.495461] Loaded X.509 cert 'Canonical Ltd. Secure Boot Signing (ESM 2018): 365188c1d374d6b07c3c8f240f8ef722433d6a8b'
[    0.496478] Loaded X.509 cert 'Canonical Ltd. Secure Boot Signing (2019): c0746fd6c5da3ae827864651ad66ae47fe24b3e8'
[    0.497450] Loaded X.509 cert 'Canonical Ltd. Secure Boot Signing (2021 v1): a8d54bbb3825cfb94fa13c9f8a594a195c107b8d'
[    0.498442] Loaded X.509 cert 'Canonical Ltd. Secure Boot Signing (2021 v2): 4cf046892d6fd3c9a5b03f98d845f90851dc6a8c'
[    0.499434] Loaded X.509 cert 'Canonical Ltd. Secure Boot Signing (2021 v3): 100437bb6de6e469b581e61cd66bce3ef4ed53af'
[    0.500553] Loaded X.509 cert 'Canonical Ltd. Secure Boot Signing (Ubuntu Core 2019): c1d57b8f6b743f23ee41f4f7ee292f06eecadfb9'
[    0.501601] zswap: loaded using pool lzo/zbud
[    0.503869] Key type big_key registered
[    0.504290] Key type trusted registered
[    0.505596] Key type encrypted registered
[    0.506018] AppArmor: AppArmor sha1 policy hashing enabled
[    0.506522] ima: No TPM chip found, activating TPM-bypass! (rc=-19)
[    0.507089] ima: Allocated hash algorithm: sha1
[    0.507526] evm: HMAC attrs: 0x1
[    0.507952]   Magic number: 12:105:891
[    0.508342] event_source msr: hash matches
[    0.508804] rtc_cmos rtc_cmos: setting system clock to 2024-10-30 14:51:12 UTC (1730299872)
[    0.509713] BIOS EDD facility v0.16 2004-Jun-25, 0 devices found
[    0.510287] EDD information not available.
[    0.659857] Freeing unused kernel image memory: 2480K
[    0.825686] Write protecting the kernel read-only data: 20480k
[    0.829488] Freeing unused kernel image memory: 2008K
[    0.832709] Freeing unused kernel image memory: 1820K
[    0.843447] x86/mm: Checked W+X mappings: passed, no W+X pages found.
[    0.844435] x86/mm: Checking user space page tables
[    0.848307] x86/mm: Checked W+X mappings: passed, no W+X pages found.
Loading, please wait...
starting version 237
[    0.893436] Fusion MPT base driver 3.04.20
[    0.893895] Copyright (c) 1999-2008 LSI Corporation
[    0.894543] e1000: Intel(R) PRO/1000 Network Driver - version 7.3.21-k8-NAPI
[    0.895242] e1000: Copyright (c) 1999-2006 Intel Corporation.
[    0.909521] AVX2 version of gcm_enc/dec engaged.
[    0.910006] AES CTR mode by8 optimization enabled
[    0.910493] Fusion MPT SPI Host driver 3.04.20
[    0.910977] vboxvideo: loading out-of-tree module taints kernel.
[    0.911623] vboxvideo: module verification failed: signature and/or required key missing - tainting kernel
[    0.913883] vboxvideo: loading version 7.0.22 r165102
[    1.111113] input: ImExPS/2 Generic Explorer Mouse as /devices/platform/i8042/serio1/input/input4
[    1.266147] e1000 0000:00:03.0 eth0: (PCI:33MHz:32-bit) 02:3b:7b:b7:3b:2d
[    1.267115] e1000 0000:00:03.0 eth0: Intel(R) PRO/1000 Network Connection
[    1.268623] e1000 0000:00:03.0 enp0s3: renamed from eth0
[    1.269163] mptbase: ioc0: Initiating bringup
[    2.214486] ioc0: LSI53C1030 A0: Capabilities={Initiator}
[    4.274049] scsi host2: ioc0: LSI53C1030 A0, FwRev=00000000h, Ports=1, MaxQ=256, IRQ=20
[    5.928144] [drm] VRAM 01000000
[    5.928604] scsi 2:0:0:0: Direct-Access     VBOX     HARDDISK         1.0  PQ: 0 ANSI: 5
[    5.929383] [TTM] Zone  kernel: Available graphics memory: 2019562 kiB
[    5.929987] [TTM] Initializing pool allocator
[    5.930410] [TTM] Initializing DMA pool allocator
[    5.931960] fbcon: vboxdrmfb (fb0) is primary device
[    5.932876] Console: switching to colour frame buffer device 100x37
[    5.933962] vboxvideo 0000:00:02.0: fb0: vboxdrmfb frame buffer device
[    5.944075] [drm] Initialized vboxvideo 1.0.0 20130823 for 0000:00:02.0 on minor 0
[    5.960036] scsi target2:0:0: Beginning Domain Validation
[    5.961094] scsi target2:0:0: Domain Validation skipping write tests
[    5.961576] scsi target2:0:0: Ending Domain Validation
[    5.962021] scsi target2:0:0: asynchronous
[    5.962569] scsi 2:0:1:0: Direct-Access     VBOX     HARDDISK         1.0  PQ: 0 ANSI: 5
[    5.992032] scsi target2:0:1: Beginning Domain Validation
[    5.993010] scsi target2:0:1: Domain Validation skipping write tests
[    5.993418] scsi target2:0:1: Ending Domain Validation
[    5.993751] scsi target2:0:1: asynchronous
[    5.995600] sd 2:0:0:0: Attached scsi generic sg0 type 0
[    5.995677] sd 2:0:0:0: [sda] 83886080 512-byte logical blocks: (42.9 GB/40.0 GiB)
[    5.996148] sd 2:0:1:0: Attached scsi generic sg1 type 0
[    5.996699] sd 2:0:0:0: [sda] Write Protect is off
[    5.997625] sd 2:0:0:0: [sda] Incomplete mode parameter data
[    5.997630] sd 2:0:1:0: [sdb] 20480 512-byte logical blocks: (10.5 MB/10.0 MiB)
[    5.998069] sd 2:0:0:0: [sda] Assuming drive cache: write through
[    5.999180] sd 2:0:1:0: [sdb] Write Protect is off
[    5.999745] sd 2:0:1:0: [sdb] Incomplete mode parameter data
[    6.000273] sd 2:0:1:0: [sdb] Assuming drive cache: write through
[    6.000510]  sda: sda1
[    6.001369] sd 2:0:0:0: [sda] Attached SCSI disk
[    6.002506] sd 2:0:1:0: [sdb] Attached SCSI disk
Begin: Loading essential drivers ... [    6.124005] raid6: sse2x1   gen() 23183 MB/s
[    6.172056] raid6: sse2x1   xor() 14735 MB/s
[    6.220022] raid6: sse2x2   gen() 28467 MB/s
[    6.268029] raid6: sse2x2   xor() 16459 MB/s
[    6.316052] raid6: sse2x4   gen() 30071 MB/s
[    6.364043] raid6: sse2x4   xor() 12337 MB/s
[    6.412039] raid6: avx2x1   gen() 44820 MB/s
[    6.463520] raid6: avx2x1   xor() 30060 MB/s
[    6.508171] raid6: avx2x2   gen() 44072 MB/s
[    6.556033] raid6: avx2x2   xor() 31345 MB/s
[    6.604124] raid6: avx2x4   gen() 36423 MB/s
[    6.655858] raid6: avx2x4   xor()  9503 MB/s
[    6.656473] raid6: using algorithm avx2x1 gen() 44820 MB/s
[    6.656985] raid6: .... xor() 30060 MB/s, rmw enabled
[    6.657434] raid6: using avx2x2 recovery algorithm
[    6.658622] xor: automatically using best checksumming function   avx       
[    6.659885] async_tx: api initialized (async)
done.
Begin: Running /scripts/init-premount ... done.
Begin: Mounting root file system ... Begin: Running /scripts/local-top ... done.
Begin: Running /scripts/local-premount ... [    6.695812] Btrfs loaded, crc32c=crc32c-intel
Scanning for Btrfs filesystems
done.
Begin: Will now check root file system ... fsck from util-linux 2.31.1
[/sbin/fsck.ext4 (1) -- /dev/sda1] fsck.ext4 -a -C0 /dev/sda1 
cloudimg-rootfs: recovering journal
cloudimg-rootfs: Clearing orphaned inode 525228 (uid=1002, gid=1002, mode=0100664, size=1772)
cloudimg-rootfs: Clearing orphaned inode 768299 (uid=0, gid=0, mode=0100666, size=0)
cloudimg-rootfs: Clearing orphaned inode 67702 (uid=1002, gid=1002, mode=0100600, size=3133032)
cloudimg-rootfs: Clearing orphaned inode 513259 (uid=1002, gid=1002, mode=0100664, size=1772)
cloudimg-rootfs: Clearing orphaned inode 513262 (uid=1002, gid=1002, mode=0100664, size=1772)
cloudimg-rootfs: Clearing orphaned inode 513256 (uid=1002, gid=1002, mode=0100600, size=262144)
cloudimg-rootfs: Clearing orphaned inode 67684 (uid=114, gid=121, mode=0100600, size=51906)
cloudimg-rootfs: Clearing orphaned inode 256471 (uid=114, gid=121, mode=0100600, size=262144)
cloudimg-rootfs: clean, 116613/5120000 files, 1310375/10485499 blocks
done.
[    6.861233] EXT4-fs (sda1): mounted filesystem with ordered data mode. Opts: (null)
done.
Begin: Running /scripts/local-bottom ... done.
Begin: Running /scripts/init-bottom ... done.
[    6.991774] ip_tables: (C) 2000-2006 Netfilter Core Team
[    7.000495] systemd[1]: systemd 237 running in system mode. (+PAM +AUDIT +SELINUX +IMA +APPARMOR +SMACK +SYSVINIT +UTMP +LIBCRYPTSETUP +GCRYPT +GNUTLS +ACL +XZ +LZ4 +SECCOMP +BLKID +ELFUTILS +KMOD -IDN2 +IDN -PCRE2 default-hierarchy=hybrid)
[    7.005516] systemd[1]: Detected virtualization oracle.
[    7.006654] systemd[1]: Detected architecture x86-64.

Welcome to [1mUbuntu 18.04.6 LTS[0m!

[    7.012122] systemd[1]: Set hostname to <lsouquie>.
[    7.202215] systemd[1]: Reached target Mounting snaps.
[[0;32m  OK  [0m] Reached target Mounting snaps.
[    7.204270] systemd[1]: Reached target System Time Synchronized.
[[0;32m  OK  [0m] Reached target System Time Synchronized.
[    7.206128] systemd[1]: Set up automount Arbitrary Executable File Formats File System Automount Point.
[[0;32m  OK  [0m] Set up automount Arbitrary Executab…rmats File System Automount Point.
[    7.210001] systemd[1]: Created slice User and Session Slice.
[[0;32m  OK  [0m] Created slice User and Session Slice.
[    7.220112] systemd[1]: Reached target User and Group Name Lookups.
[[0;32m  OK  [0m] Reached target User and Group Name Lookups.
[    7.222150] systemd[1]: Reached target Swap.
[[0;32m  OK  [0m] Reached target Swap.
[[0;32m  OK  [0m] Created slice System Slice.
[[0;32m  OK  [0m] Listening on udev Control Socket.
[[0;32m  OK  [0m] Listening on udev Kernel Socket.
[[0;32m  OK  [0m] Reached target Slices.
[[0;32m  OK  [0m] Listening on LVM2 poll daemon socket.
[[0;32m  OK  [0m] Listening on Device-mapper event daemon FIFOs.
[[0;32m  OK  [0m] Listening on LVM2 metadata daemon socket.
[[0;32m  OK  [0m] Started Forward Password Requests to Wall Directory Watch.
[[0;32m  OK  [0m] Created slice system-serial\x2dgetty.slice.
[[0;32m  OK  [0m] Listening on Journal Socket.
         Starting udev Coldplug all Devices...
         Starting Set the console keyboard layout...
         Mounting POSIX Message Queue File System...
         Mounting Huge Pages File System...
         Starting Uncomplicated firewall...
         Starting Monitoring of LVM2 mirrors…ng dmeventd or progress polling...
         Starting Create list of required st…ce nodes for the current kernel...
[[0;32m  OK  [0m] Listening on Network Service Netlink Socket.
         Starting Load Kernel Modules...
[[0;32m  OK  [0m] Listening on Journal Socket (/dev/log).
         Mounting Kernel Debug File System...
[[0;32m  OK  [0m] Listening on Journal Audit Socket.
[[0;32m  OK  [0m] Listening on fsck to fsckd communication Socket.
         Starting Remount Root and Kernel File Systems...
[[0;32m  OK  [0m] Listening on /dev/initctl Compatibility Named Pipe.
[[0;32m  OK  [0m] Listening on Syslog Socket.
         Starting Journal Service...
[[0;32m  OK  [0m] Mounted POSIX Message Queue File System.
[[0;32m  OK  [0m] Mounted Huge Pages File System.
[[0;32m  OK  [0m] Started Uncomplicated firewall.
[[0;32m  OK  [0m] Started Create list of required sta…vice nodes for the current kernel.
[[0;32m  OK  [0m] Mounted Kernel Debug File System.
[[0;32m  OK  [0m] Started LVM2 metadata daemon.
         Starting Create Static Device Nodes in /dev...
[    7.315678] Loading iSCSI transport class v2.0-870.
[    7.321221] iscsi: registered transport (tcp)
[[0;32m  OK  [0m] Started udev Coldplug all Devices.
[    7.334839] iscsi: registered transport (iser)
[[0;32m  OK  [0m] Started Load Kernel Modules.
         Starting Apply Kernel Variables...
         Mounting FUSE Control File System...
         Mounting Kernel Configuration File System...
[[0;32m  OK  [0m] Mounted Kernel Configuration File System.
[[0;32m  OK  [0m] Mounted FUSE Control File System.
[[0;32m  OK  [0m] Started Journal Service.
[[0;32m  OK  [0m] Started Create Static Device Nodes in /dev.
[[0;32m  OK  [0m] Started Remount Root and Kernel File Systems.
         Starting Load/Save Random Seed...
         Starting Flush Journal to Persistent Storage...
         Starting udev Kernel Device Manager...
[[0;32m  OK  [0m] Started Monitoring of LVM2 mirrors,…sing dmeventd or progress polling.
[[0;32m  OK  [0m] Started Apply Kernel Variables.
[[0;32m  OK  [0m] Started Set the console keyboard layout.
[[0;32m  OK  [0m] Started Load/Save Random Seed.
[[0;32m  OK  [0m] Reached target Local File Systems (Pre).
         Mounting Mount unit for snapd, revision 21759...
         Mounting Mount unit for code, revision 173...
         Mounting Mount unit for core20, revision 2434...
[[0;32m  OK  [0m] Started udev Kernel Device Manager.
[[0;32m  OK  [0m] Started Dispatch Password Requests to Console Directory Watch.
[[0;32m  OK  [0m] Reached target Local Encrypted Volumes.
[[0;32m  OK  [0m] Mounted Mount unit for core20, revision 2434.
[[0;32m  OK  [0m] Mounted Mount unit for code, revision 173.
[[0;32m  OK  [0m] Mounted Mount unit for snapd, revision 21759.
[[0;32m  OK  [0m] Reached target Mounted snaps.
[[0;32m  OK  [0m] Reached target Local File Systems.
         Starting AppArmor initialization...
         Starting ebtables ruleset management...
         Starting Tell Plymouth To Write Out Runtime Data...
         Starting Set console font and keymap...
[[0;32m  OK  [0m] Started Tell Plymouth To Write Out Runtime Data.
[[0;32m  OK  [0m] Started Set console font and keymap.
[[0;32m  OK  [0m] Started Flush Journal to Persistent Storage.
         Starting Create Volatile Files and Directories...
[[0;32m  OK  [0m] Started Create Volatile Files and Directories.
         Starting Update UTMP about System Boot/Shutdown...
[[0;32m  OK  [0m] Started Update UTMP about System Boot/Shutdown.
[[0;32m  OK  [0m] Started ebtables ruleset management.
[[0;32m  OK  [0m] Found device /dev/ttyS0.
[[0;32m  OK  [0m] Listening on Load/Save RF Kill Switch Status /dev/rfkill Watch.
[[0;32m  OK  [0m] Started AppArmor initialization.
         Starting Load AppArmor profiles managed internally by snapd...
         Starting Initial cloud-init job (pre-networking)...
         Mounting Arbitrary Executable File Formats File System...
[[0;32m  OK  [0m] Mounted Arbitrary Executable File Formats File System.
[[0;32m  OK  [0m] Started Load AppArmor profiles managed internally by snapd.
[    9.231176] cloud-init[628]: Cloud-init v. 23.1.2-0ubuntu0~18.04.1 running 'init-local' at Wed, 30 Oct 2024 14:51:21 +0000. Up 9.13 seconds.
[[0;32m  OK  [0m] Started Initial cloud-init job (pre-networking).
[[0;32m  OK  [0m] Reached target Network (Pre).
         Starting Network Service...
[[0;32m  OK  [0m] Started Network Service.
         Starting Wait for Network to be Configured...
         Starting Network Name Resolution...
[[0;32m  OK  [0m] Started Network Name Resolution.
[[0;32m  OK  [0m] Reached target Host and Network Name Lookups.
[[0;32m  OK  [0m] Started Wait for Network to be Configured.
         Starting Initial cloud-init job (metadata service crawler)...
[   11.349765] cloud-init[761]: Cloud-init v. 23.1.2-0ubuntu0~18.04.1 running 'init' at Wed, 30 Oct 2024 14:51:23 +0000. Up 11.28 seconds.
[   11.351220] cloud-init[761]: ci-info: ++++++++++++++++++++++++++++++++++++++Net device info++++++++++++++++++++++++++++++++++++++
[   11.368203] cloud-init[761]: ci-info: +--------+------+----------------------------+---------------+--------+-------------------+
[   11.369442] cloud-init[761]: ci-info: | Device |  Up  |          Address           |      Mask     | Scope  |     Hw-Address    |
[   11.370395] cloud-init[761]: ci-info: +--------+------+----------------------------+---------------+--------+-------------------+
[   11.371416] cloud-init[761]: ci-info: | enp0s3 | True |         10.0.2.15          | 255.255.255.0 | global | 02:3b:7b:b7:3b:2d |
[   11.373039] cloud-init[761]: ci-info: | enp0s3 | True | fe80::3b:7bff:feb7:3b2d/64 |       .       |  link  | 02:3b:7b:b7:3b:2d |
[   11.388113] cloud-init[761]: ci-info: |   lo   | True |         127.0.0.1          |   255.0.0.0   |  host  |         .         |
[   11.389353] cloud-init[761]: ci-info: |   lo   | True |          ::1/128           |       .       |  host  |         .         |
[   11.390402] cloud-init[761]: ci-info: +--------+------+----------------------------+---------------+--------+-------------------+
[   11.391418] cloud-init[761]: ci-info: ++++++++++++++++++++++++++++Route IPv4 info+++++++++++++++++++++++++++++
[   11.392390] cloud-init[761]: ci-info: +-------+-------------+----------+-----------------+-----------+-------+
[   11.393398] cloud-init[761]: ci-info: | Route | Destination | Gateway  |     Genmask     | Interface | Flags |
[   11.404148] cloud-init[761]: ci-info: +-------+-------------+----------+-----------------+-----------+-------+
[   11.416350] cloud-init[761]: ci-info: |   0   |   0.0.0.0   | 10.0.2.2 |     0.0.0.0     |   enp0s3  |   UG  |
[[0;32m  OK  [0m] Started Initial cloud-init job (metadata service crawler).
[[0;32m  OK  [0m] Reached target Cloud-config availability.
[[0;32m  OK  [0m] Reached target System Initialization.
[   11.636650] cloud-init[761]: ci-info: |   1   |   10.0.2.0  | 0.0.0.0  |  255.255.255.0  |   enp0s3  |   U   |
[[0;32m  OK  [0m[   11.661594] cloud-init[761]: ci-info: |   2   |   10.0.2.2  | 0.0.0.0  | 255.255.255.255 |   enp0s3  |   UH  |
[   11.661723] cloud-init[761]: ci-info: +-------+-------------+----------+-----------------+-----------+-------+
[   11.661820] cloud-init[761]: ci-info: +++++++++++++++++++Route IPv6 info+++++++++++++++++++
[   11.661928] cloud-init[761]: ci-info: +-------+-------------+---------+-----------+-------+
[   11.662122] cloud-init[761]: ci-info: | Route | Destination | Gateway | Interface | Flags |
[   11.662319] cloud-init[761]: ci-info: +-------+-------------+---------+-----------+-------+
[   11.662418] cloud-init[761]: ci-info: |   1   |  fe80::/64  |    ::   |   enp0s3  |   U   |
] Started Daily apt download activities.
[   11.662642] cloud-init[761]: ci-info: |   3   |    local    |    ::   |   enp0s3  |   U   |
[[0;32m  OK  [0m] Started Trigger anacron every hour.
[   11.677774] cloud-init[761]: ci-info: |   4   |   ff00::/8  |    ::   |   enp0s3  |   U   |
[[   11.678831] cloud-init[761]: ci-info: +-------+-------------+---------+-----------+-------+
[0;32m  OK  [0m] Started Discard unused blocks once a week.
[[0;32m  OK  [0m] Started Daily apt upgrade and clean activities.
[[0;32m  OK  [0m] Listening on UUID daemon activation socket.
         Starting Socket activation for snappy daemon.
[[0;32m  OK  [0m] Listening on D-Bus System Message Bus Socket.
[[0;32m  OK  [0m] Started ACPI Events Check.
[[0;32m  OK  [0m] Reached target Paths.
[[0;32m  OK  [0m] Started Daily Cleanup of Temporary Directories.
[[0;32m  OK  [0m] Listening on Open-iSCSI iscsid Socket.
[[0;32m  OK  [0m] Listening on cloud-init hotplug hook socket.
[[0;32m  OK  [0m] Started Message of the Day.
[[0;32m  OK  [0m] Listening on ACPID Listen Socket.
         Starting LXD - unix socket.
         Starting Docker Socket for the API.
[[0;32m  OK  [0m] Reached target Timers.
[[0;32m  OK  [0m] Listening on Socket activation for snappy daemon.
[[0;32m  OK  [0m] Listening on LXD - unix socket.
[[0;32m  OK  [0m] Listening on Docker Socket for the API.
[[0;32m  OK  [0m] Reached target Sockets.
[[0;32m  OK  [0m] Reached target Basic System.
         Starting Detect the available GPUs and deal with any system changes...
[[0;32m  OK  [0m] Started FUSE filesystem for LXC.
[[0;32m  OK  [0m] Started irqbalance daemon.
         Starting Virtualbox guest utils...
         Starting Dispatcher daemon for systemd-networkd...
         Starting Accounts Service...
         Starting Disk Manager...
         Starting Snap Daemon...
         Starting LSB: Record successful boot for GRUB...
         Starting vboxadd.service...
         Starting System Logging Service...
[[0;32m  OK  [0m] Started Regular background program processing daemon.
         Starting LXD - container startup/shutdown...
         Starting Login Service...
[[0;32m  OK  [0m] Started Run anacron jobs.
[[0;32m  OK  [0m] Started D-Bus System Message Bus.
         Starting WPA supplicant...
         Starting Network Manager...
[[0;32m  OK  [0m] Reached target Login Prompts (Pre).
[[0;32m  OK  [0m] Started Deferred execution scheduler.
[[0;32m  OK  [0m] Started System Logging Service.
[[0;32m  OK  [0m] Started Detect the available GPUs and deal with any system changes.
[[0;32m  OK  [0m] Started Login Service.
[[0;32m  OK  [0m] Started Dispatcher daemon for systemd-networkd.
[[0;32m  OK  [0m] Started WPA supplicant.
         Starting Authorization Manager...
[[0;32m  OK  [0m] Started Authorization Manager.
[[0;32m  OK  [0m] Started Accounts Service.
         Starting Hostname Service...
[[0;32m  OK  [0m] Started LSB: Record successful boot for GRUB.
[[0;32m  OK  [0m] Started Virtualbox guest utils.
[[0;32m  OK  [0m] Started vboxadd.service.
         Starting vboxadd-service.service...
[[0;32m  OK  [0m] Started Disk Manager.
[[0;1;31mFAILED[0m] Failed to start vboxadd-service.service.
See 'systemctl status vboxadd-service.service' for details.
[[0;32m  OK  [0m] Started Hostname Service.
[[0;32m  OK  [0m] Started LXD - container startup/shutdown.
[[0;32m  OK  [0m] Started Network Manager.
         Starting Network Manager Script Dispatcher Service...
         Starting Network Manager Wait Online...
[[0;32m  OK  [0m] Reached target Network.
[[0;32m  OK  [0m] Started Unattended Upgrades Shutdown.
         Starting containerd container runtime...
[[0;32m  OK  [0m] Started Network Manager Script Dispatcher Service.
[[0;32m  OK  [0m] Started Network Manager Wait Online.
[[0;32m  OK  [0m] Reached target Network is Online.
         Starting Availability of block devices...
[[0;32m  OK  [0m] Reached target Remote File Systems (Pre).
         Mounting /vagrant...
         Starting OpenBSD Secure Shell server...
[[0;32m  OK  [0m] Started Availability of block devices.
[[0;1;31mFAILED[0m] Failed to mount /vagrant.
See 'systemctl status vagrant.mount' for details.
[[0;1;33mDEPEND[0m] Dependency failed for Remote File Systems.
         Starting LSB: automatic crash report generation...
         Starting Permit User Sessions...
[[0;32m  OK  [0m] Started Permit User Sessions.
         Starting GNOME Display Manager...
         Starting Hold until boot process finishes up...
[[0;32m  OK  [0m] Started OpenBSD Secure Shell server.
[[0;32m  OK  [0m] Started Hold until boot process finishes up.
         Starting Set console scheme...
[[0;32m  OK  [0m] Started Serial Getty on ttyS0.
[[0;32m  OK  [0m] Reached target Login Prompts.
[[0;32m  OK  [0m] Started Set console scheme.
[[0;32m  OK  [0m] Created slice system-getty.slice.
[[0;32m  OK  [0m] Started LSB: automatic crash report generation.
[[0;32m  OK  [0m] Started GNOME Display Manager.
[[0;32m  OK  [0m] Started containerd container runtime.
         Starting Docker Application Container Engine...
[[0;32m  OK  [0m] Started Snap Daemon.
         Starting Wait until snapd is fully seeded...
         Starting Time & Date Service...
[[0;32m  OK  [0m] Created slice User Slice of gdm.
[[0;32m  OK  [0m] Started Time & Date Service.
[[0;32m  OK  [0m] Started Session c1 of user gdm.
         Starting User Manager for UID 114...
[[0;32m  OK  [0m] Started Wait until snapd is fully seeded.
         Starting Apply the settings specified in cloud-config...
[[0;32m  OK  [0m] Started User Manager for UID 114.
         Starting Daemon for power management...
[   13.894332] cloud-init[1774]: Cloud-init v. 23.1.2-0ubuntu0~18.04.1 running 'modules:config' at Wed, 30 Oct 2024 14:51:25 +0000. Up 13.77 seconds.
[[0;32m  OK  [0m] Started Daemon for power management.
[[0;32m  OK  [0m] Started Apply the settings specified in cloud-config.
         Starting Locale Service...
[[0;32m  OK  [0m] Started Locale Service.
         Starting Location Lookup Service...
[[0;32m  OK  [0m] Started Location Lookup Service.
         Starting PackageKit Daemon...
[[0;32m  OK  [0m] Started PackageKit Daemon.
         Starting Manage, Install and Generate Color Profiles...
[[0;32m  OK  [0m] Started Manage, Install and Generate Color Profiles.
[[0;32m  OK  [0m] Started Docker Application Container Engine.
[[0;32m  OK  [0m] Reached target Multi-User System.
         Starting Execute cloud user/final scripts...
[[0;32m  OK  [0m] Reached target Graphical Interface.
         Starting Update UTMP about System Runlevel Changes...
[[0;32m  OK  [0m] Started Update UTMP about System Runlevel Changes.
[   16.590739] cloud-init[2304]: Cloud-init v. 23.1.2-0ubuntu0~18.04.1 running 'modules:final' at Wed, 30 Oct 2024 14:51:28 +0000. Up 16.48 seconds.
[   16.592117] cloud-init[2304]: Cloud-init v. 23.1.2-0ubuntu0~18.04.1 finished at Wed, 30 Oct 2024 14:51:28 +0000. Datasource DataSourceNoCloud [seed=/dev/sdb][dsmode=net].  Up 16.58 seconds
[[0;32m  OK  [0m] Started Execute cloud user/final scripts.
[[0;32m  OK  [0m] Reached target Cloud-init target.

Ubuntu 18.04.6 LTS lsouquie ttyS0

lsouquie login: 